# JRE version: Java(TM) SE Runtime Environment (17.0.2+8) (build 17.0.2+8-LTS-86)
# Java VM: Java HotSpot(TM) 64-Bit Server VM (17.0.2+8-LTS-86, mixed mode, sharing, tiered, compressed oops, compressed class ptrs, g1 gc, windows-amd64)
GC Precious Log:
 CPUs: 16 total, 16 available
 Memory: 16061M
 Large Page Support: Disabled
 NUMA Support: Disabled
 Compressed Oops: Enabled (Zero based)
 Heap Region Size: 2M
 Heap Min Capacity: 8M
 Heap Initial Capacity: 252M
 Heap Max Capacity: 4016M
 Pre-touch: Disabled
 Parallel Workers: 13
 Concurrent Workers: 3
 Concurrent Refinement Workers: 13
 Periodic GC: Disabled
Heap:
 garbage-first heap   total 258048K, used 8902K [0x0000000705000000, 0x0000000800000000)
  region size 2048K, 4 young (8192K), 3 survivors (6144K)
 Metaspace       used 16599K, committed 16960K, reserved 1064960K
  class space    used 1513K, committed 1664K, reserved 1048576K
GC Heap History (8 events):
Event: 0.204 GC heap before
{Heap before GC invocations=0 (full 0):
 garbage-first heap   total 258048K, used 20480K [0x0000000705000000, 0x0000000800000000)
  region size 2048K, 11 young (22528K), 0 survivors (0K)
 Metaspace       used 3142K, committed 3328K, reserved 1056768K
  class space    used 115K, committed 192K, reserved 1048576K
}
Event: 0.206 GC heap after
{Heap after GC invocations=1 (full 0):
 garbage-first heap   total 258048K, used 4183K [0x0000000705000000, 0x0000000800000000)
  region size 2048K, 2 young (4096K), 2 survivors (4096K)
 Metaspace       used 3142K, committed 3328K, reserved 1056768K
  class space    used 115K, committed 192K, reserved 1048576K
}
Event: 0.491 GC heap before
{Heap before GC invocations=1 (full 0):
 garbage-first heap   total 258048K, used 32855K [0x0000000705000000, 0x0000000800000000)
  region size 2048K, 17 young (34816K), 2 survivors (4096K)
 Metaspace       used 9217K, committed 9472K, reserved 1064960K
  class space    used 837K, committed 960K, reserved 1048576K
}
Event: 0.494 GC heap after
{Heap after GC invocations=2 (full 0):
 garbage-first heap   total 258048K, used 6382K [0x0000000705000000, 0x0000000800000000)
  region size 2048K, 2 young (4096K), 2 survivors (4096K)
 Metaspace       used 9217K, committed 9472K, reserved 1064960K
  class space    used 837K, committed 960K, reserved 1048576K
}
Event: 4.998 GC heap before
{Heap before GC invocations=2 (full 0):
 garbage-first heap   total 258048K, used 153838K [0x0000000705000000, 0x0000000800000000)
  region size 2048K, 75 young (153600K), 2 survivors (4096K)
 Metaspace       used 16547K, committed 16832K, reserved 1064960K
  class space    used 1513K, committed 1664K, reserved 1048576K
}
Event: 5.001 GC heap after
{Heap after GC invocations=3 (full 0):
 garbage-first heap   total 258048K, used 8908K [0x0000000705000000, 0x0000000800000000)
  region size 2048K, 3 young (6144K), 3 survivors (6144K)
 Metaspace       used 16547K, committed 16832K, reserved 1064960K
  class space    used 1513K, committed 1664K, reserved 1048576K
}
Event: 11.258 GC heap before
{Heap before GC invocations=3 (full 0):
 garbage-first heap   total 258048K, used 156364K [0x0000000705000000, 0x0000000800000000)
  region size 2048K, 75 young (153600K), 3 survivors (6144K)
 Metaspace       used 16596K, committed 16960K, reserved 1064960K
  class space    used 1513K, committed 1664K, reserved 1048576K
}
Event: 11.261 GC heap after
{Heap after GC invocations=4 (full 0):
 garbage-first heap   total 258048K, used 8902K [0x0000000705000000, 0x0000000800000000)
  region size 2048K, 3 young (6144K), 3 survivors (6144K)
 Metaspace       used 16596K, committed 16960K, reserved 1064960K
  class space    used 1513K, committed 1664K, reserved 1048576K
}

